<?xml version="1.0" encoding="UTF-8"?>
<testsuite name="hello.AppTest" tests="1" skipped="0" failures="0" errors="0" timestamp="2021-09-26T14:03:30" hostname="hs-mbp-2.lan" time="0.076">
  <properties/>
  <testcase name="main()" classname="hello.AppTest" time="0.076"/>
  <system-out><![CDATA[----------------test------------------
----------------test end------------------
]]></system-out>
  <system-err><![CDATA[]]></system-err>
</testsuite>
